<?xml version="1.0" encoding="UTF-8"?>
<!-- Generated by org.testng.reporters.JUnitReportReporter -->
<testsuite hostname="LAPTOP-0EA7VU5G" name="testcases.VerifyLoginPage" tests="1" failures="0" timestamp="14 Sep 2017 07:53:42 GMT" time="23.736" errors="0">
  <testcase name="testLoginPage" time="23.736" classname="testcases.VerifyLoginPage"/>
</testsuite> <!-- testcases.VerifyLoginPage -->
