<?xml version="1.0" encoding="UTF-8"?>
<!-- Generated by org.testng.reporters.JUnitReportReporter -->
<testsuite hostname="LAPTOP-0EA7VU5G" name="testcases.AlertDemo" tests="1" failures="0" timestamp="1 Oct 2017 07:21:07 GMT" time="13.778" errors="0">
  <testcase name="alertHandle" time="13.778" classname="testcases.AlertDemo"/>
</testsuite> <!-- testcases.AlertDemo -->
