<?xml version="1.0" encoding="UTF-8"?>
<!-- Generated by org.testng.reporters.JUnitReportReporter -->
<testsuite hostname="LAPTOP-0EA7VU5G" name="testcases.VerifyLoginPageWithReport" tests="1" failures="0" timestamp="20 Sep 2017 22:01:05 GMT" time="35.256" errors="0">
  <testcase name="testLoginPage" time="35.256" classname="testcases.VerifyLoginPageWithReport"/>
</testsuite> <!-- testcases.VerifyLoginPageWithReport -->
