<?xml version="1.0" encoding="UTF-8"?>
<!-- Generated by org.testng.reporters.JUnitReportReporter -->
<testsuite hostname="LAPTOP-0EA7VU5G" name="testcases.VerifyHomePg" tests="1" failures="0" timestamp="18 Sep 2017 07:03:38 GMT" time="15.050" errors="0">
  <testcase name="testHomePage" time="15.050" classname="testcases.VerifyHomePg"/>
</testsuite> <!-- testcases.VerifyHomePg -->
